2017-11-23 08:42:24.402609[INFO]CHECK_POINT_1 tss_sdk_get_comm_interf init_info 10301:./config
2017-11-23 08:42:24.407610[INFO]tss_sdk_get_comm_interf_ex init_info 10301:./config
2017-11-23 08:42:24.474613[INFO]conf_path_file config file is not exist, path=./config/tss_sdk_conf_path.xml
2017-11-23 08:42:24.475614[INFO]TssSdkFramework::init_config use config file: ./config/tss_sdk_conf.xml
2017-11-23 08:42:24.490614[INFO]conf_file config file is not exist, path=./config/tss_sdk_conf.xml
[INFO]TssSdkFramework::init_log log level: 3
2017-11-23 08:42:24.585620[INFO]tss_sdk_get_comm_interf_ex succ
2017-11-23 09:10:44.319025[INFO]CHECK_POINT_1 tss_sdk_get_comm_interf init_info 10301:./config
2017-11-23 09:10:44.322026[INFO]tss_sdk_get_comm_interf_ex init_info 10301:./config
2017-11-23 09:10:44.334026[INFO]conf_path_file config file is not exist, path=./config/tss_sdk_conf_path.xml
2017-11-23 09:10:44.337026[INFO]TssSdkFramework::init_config use config file: ./config/tss_sdk_conf.xml
2017-11-23 09:10:44.347027[INFO]conf_file config file is not exist, path=./config/tss_sdk_conf.xml
[INFO]TssSdkFramework::init_log log level: 3
2017-11-23 09:10:44.401030[INFO]tss_sdk_get_comm_interf_ex succ
2017-11-23 09:14:02.076337[INFO]CHECK_POINT_1 tss_sdk_get_comm_interf init_info 10301:./config
2017-11-23 09:14:02.078337[INFO]tss_sdk_get_comm_interf_ex init_info 10301:./config
2017-11-23 09:14:02.088337[INFO]conf_path_file config file is not exist, path=./config/tss_sdk_conf_path.xml
2017-11-23 09:14:02.090337[INFO]TssSdkFramework::init_config use config file: ./config/tss_sdk_conf.xml
2017-11-23 09:14:02.098338[INFO]conf_file config file is not exist, path=./config/tss_sdk_conf.xml
[INFO]TssSdkFramework::init_log log level: 3
2017-11-23 09:14:02.153341[INFO]tss_sdk_get_comm_interf_ex succ
2018-01-09 21:23:29.677188[INFO]CHECK_POINT_1 tss_sdk_get_comm_interf init_info 10301:./config
2018-01-09 21:23:29.679188[INFO]tss_sdk_get_comm_interf_ex init_info 10301:./config
2018-01-09 21:23:29.690189[INFO]conf_path_file config file is not exist, path=./config/tss_sdk_conf_path.xml
2018-01-09 21:23:29.691189[INFO]TssSdkFramework::init_config use config file: ./config/tss_sdk_conf.xml
2018-01-09 21:23:29.701189[INFO]conf_file config file is not exist, path=./config/tss_sdk_conf.xml
[INFO]TssSdkFramework::init_log log level: 3
2018-01-09 21:23:29.778194[INFO]tss_sdk_get_comm_interf_ex succ
2018-01-09 21:53:24.345778[INFO]CHECK_POINT_1 tss_sdk_get_comm_interf init_info 10301:./config
2018-01-09 21:53:24.346778[INFO]tss_sdk_get_comm_interf_ex init_info 10301:./config
2018-01-09 21:53:24.353779[INFO]conf_path_file config file is not exist, path=./config/tss_sdk_conf_path.xml
2018-01-09 21:53:24.354779[INFO]TssSdkFramework::init_config use config file: ./config/tss_sdk_conf.xml
2018-01-09 21:53:24.360779[INFO]conf_file config file is not exist, path=./config/tss_sdk_conf.xml
[INFO]TssSdkFramework::init_log log level: 3
2018-01-09 21:53:24.399781[INFO]tss_sdk_get_comm_interf_ex succ
2018-01-16 22:11:48.884081[INFO]CHECK_POINT_1 tss_sdk_get_comm_interf init_info 10301:./config
2018-01-16 22:11:48.886081[INFO]tss_sdk_get_comm_interf_ex init_info 10301:./config
2018-01-16 22:11:48.894082[INFO]conf_path_file config file is not exist, path=./config/tss_sdk_conf_path.xml
2018-01-16 22:11:48.895082[INFO]TssSdkFramework::init_config use config file: ./config/tss_sdk_conf.xml
2018-01-16 22:11:48.901082[INFO]conf_file config file is not exist, path=./config/tss_sdk_conf.xml
[INFO]TssSdkFramework::init_log log level: 3
2018-01-16 22:11:48.942085[INFO]tss_sdk_get_comm_interf_ex succ
2018-01-16 22:44:07.224017[INFO]CHECK_POINT_1 tss_sdk_get_comm_interf init_info 10301:./config
2018-01-16 22:44:07.226017[INFO]tss_sdk_get_comm_interf_ex init_info 10301:./config
2018-01-16 22:44:07.237017[INFO]conf_path_file config file is not exist, path=./config/tss_sdk_conf_path.xml
2018-01-16 22:44:07.239017[INFO]TssSdkFramework::init_config use config file: ./config/tss_sdk_conf.xml
2018-01-16 22:44:07.248018[INFO]conf_file config file is not exist, path=./config/tss_sdk_conf.xml
[INFO]TssSdkFramework::init_log log level: 3
2018-01-16 22:44:07.300021[INFO]tss_sdk_get_comm_interf_ex succ
2018-01-16 22:51:14.473674[INFO]CHECK_POINT_1 tss_sdk_get_comm_interf init_info 10301:./config
2018-01-16 22:51:14.475674[INFO]tss_sdk_get_comm_interf_ex init_info 10301:./config
2018-01-16 22:51:14.484675[INFO]conf_path_file config file is not exist, path=./config/tss_sdk_conf_path.xml
2018-01-16 22:51:14.485675[INFO]TssSdkFramework::init_config use config file: ./config/tss_sdk_conf.xml
2018-01-16 22:51:14.491675[INFO]conf_file config file is not exist, path=./config/tss_sdk_conf.xml
[INFO]TssSdkFramework::init_log log level: 3
2018-01-16 22:51:14.525677[INFO]tss_sdk_get_comm_interf_ex succ
2018-10-16 18:43:41.810007[INFO]CHECK_POINT_1 tss_sdk_get_comm_interf init_info 10301:./config
2018-10-16 18:43:41.812007[INFO]tss_sdk_get_comm_interf_ex init_info 10301:./config
2018-10-16 18:43:41.821007[INFO]conf_path_file config file is not exist, path=./config/tss_sdk_conf_path.xml
2018-10-16 18:43:41.822007[INFO]TssSdkFramework::init_config use config file: ./config/tss_sdk_conf.xml
2018-10-16 18:43:41.830007[INFO]conf_file config file is not exist, path=./config/tss_sdk_conf.xml
[INFO]TssSdkFramework::init_log log level: 3
2018-10-16 18:43:41.875007[INFO]tss_sdk_get_comm_interf_ex succ
2018-10-18 16:02:31.464007[INFO]CHECK_POINT_1 tss_sdk_get_comm_interf init_info 10301:./config
2018-10-18 16:02:31.471007[INFO]tss_sdk_get_comm_interf_ex init_info 10301:./config
2018-10-18 16:02:31.480007[INFO]conf_path_file config file is not exist, path=./config/tss_sdk_conf_path.xml
2018-10-18 16:02:31.480007[INFO]TssSdkFramework::init_config use config file: ./config/tss_sdk_conf.xml
2018-10-18 16:02:31.487007[INFO]conf_file config file is not exist, path=./config/tss_sdk_conf.xml
[INFO]TssSdkFramework::init_log log level: 3
2018-10-18 16:02:31.535007[INFO]tss_sdk_get_comm_interf_ex succ
2018-10-18 16:40:22.068007[INFO]CHECK_POINT_1 tss_sdk_get_comm_interf init_info 10301:./config
2018-10-18 16:40:22.068007[INFO]tss_sdk_get_comm_interf_ex init_info 10301:./config
2018-10-18 16:40:22.078007[INFO]conf_path_file config file is not exist, path=./config/tss_sdk_conf_path.xml
2018-10-18 16:40:22.078007[INFO]TssSdkFramework::init_config use config file: ./config/tss_sdk_conf.xml
2018-10-18 16:40:22.086007[INFO]conf_file config file is not exist, path=./config/tss_sdk_conf.xml
[INFO]TssSdkFramework::init_log log level: 3
2018-10-18 16:40:22.133007[INFO]tss_sdk_get_comm_interf_ex succ
2018-10-18 17:14:59.454007[INFO]CHECK_POINT_1 tss_sdk_get_comm_interf init_info 10301:./config
2018-10-18 17:14:59.455007[INFO]tss_sdk_get_comm_interf_ex init_info 10301:./config
2018-10-18 17:14:59.463007[INFO]conf_path_file config file is not exist, path=./config/tss_sdk_conf_path.xml
2018-10-18 17:14:59.464007[INFO]TssSdkFramework::init_config use config file: ./config/tss_sdk_conf.xml
2018-10-18 17:14:59.471007[INFO]conf_file config file is not exist, path=./config/tss_sdk_conf.xml
[INFO]TssSdkFramework::init_log log level: 3
2018-10-18 17:14:59.510007[INFO]tss_sdk_get_comm_interf_ex succ
2018-10-19 11:36:05.183007[INFO]CHECK_POINT_1 tss_sdk_get_comm_interf init_info 10301:./config
2018-10-19 11:36:05.185007[INFO]tss_sdk_get_comm_interf_ex init_info 10301:./config
2018-10-19 11:36:05.208007[INFO]conf_path_file config file is not exist, path=./config/tss_sdk_conf_path.xml
2018-10-19 11:36:05.209007[INFO]TssSdkFramework::init_config use config file: ./config/tss_sdk_conf.xml
2018-10-19 11:36:05.236007[INFO]conf_file config file is not exist, path=./config/tss_sdk_conf.xml
[INFO]TssSdkFramework::init_log log level: 3
2018-10-19 11:36:05.302007[INFO]tss_sdk_get_comm_interf_ex succ
2018-10-19 11:38:52.186007[INFO]CHECK_POINT_1 tss_sdk_get_comm_interf init_info 10301:./config
2018-10-19 11:38:52.186007[INFO]tss_sdk_get_comm_interf_ex init_info 10301:./config
2018-10-19 11:38:52.200007[INFO]conf_path_file config file is not exist, path=./config/tss_sdk_conf_path.xml
2018-10-19 11:38:52.200007[INFO]TssSdkFramework::init_config use config file: ./config/tss_sdk_conf.xml
2018-10-19 11:38:52.208007[INFO]conf_file config file is not exist, path=./config/tss_sdk_conf.xml
[INFO]TssSdkFramework::init_log log level: 3
2018-10-19 11:38:52.253007[INFO]tss_sdk_get_comm_interf_ex succ
2018-10-19 11:41:53.390007[INFO]CHECK_POINT_1 tss_sdk_get_comm_interf init_info 10301:./config
2018-10-19 11:41:53.391007[INFO]tss_sdk_get_comm_interf_ex init_info 10301:./config
2018-10-19 11:41:53.403007[INFO]conf_path_file config file is not exist, path=./config/tss_sdk_conf_path.xml
2018-10-19 11:41:53.404007[INFO]TssSdkFramework::init_config use config file: ./config/tss_sdk_conf.xml
2018-10-19 11:41:53.415007[INFO]conf_file config file is not exist, path=./config/tss_sdk_conf.xml
[INFO]TssSdkFramework::init_log log level: 3
2018-10-19 11:41:53.478007[INFO]tss_sdk_get_comm_interf_ex succ
2018-10-19 12:04:40.688007[INFO]CHECK_POINT_1 tss_sdk_get_comm_interf init_info 10301:./config
2018-10-19 12:04:40.694007[INFO]tss_sdk_get_comm_interf_ex init_info 10301:./config
2018-10-19 12:04:40.711007[INFO]conf_path_file config file is not exist, path=./config/tss_sdk_conf_path.xml
2018-10-19 12:04:40.712007[INFO]TssSdkFramework::init_config use config file: ./config/tss_sdk_conf.xml
2018-10-19 12:04:40.726007[INFO]conf_file config file is not exist, path=./config/tss_sdk_conf.xml
[INFO]TssSdkFramework::init_log log level: 3
2018-10-19 12:04:40.788007[INFO]tss_sdk_get_comm_interf_ex succ
2018-10-20 20:03:31.926007[INFO]CHECK_POINT_1 tss_sdk_get_comm_interf init_info 10301:./config
2018-10-20 20:03:31.928007[INFO]tss_sdk_get_comm_interf_ex init_info 10301:./config
2018-10-20 20:03:31.937007[INFO]conf_path_file config file is not exist, path=./config/tss_sdk_conf_path.xml
2018-10-20 20:03:31.937007[INFO]TssSdkFramework::init_config use config file: ./config/tss_sdk_conf.xml
2018-10-20 20:03:31.945007[INFO]conf_file config file is not exist, path=./config/tss_sdk_conf.xml
[INFO]TssSdkFramework::init_log log level: 3
2018-10-20 20:03:31.985007[INFO]tss_sdk_get_comm_interf_ex succ
2018-10-20 20:19:38.959007[INFO]CHECK_POINT_1 tss_sdk_get_comm_interf init_info 10301:./config
2018-10-20 20:19:38.959007[INFO]tss_sdk_get_comm_interf_ex init_info 10301:./config
2018-10-20 20:19:38.969007[INFO]conf_path_file config file is not exist, path=./config/tss_sdk_conf_path.xml
2018-10-20 20:19:38.970007[INFO]TssSdkFramework::init_config use config file: ./config/tss_sdk_conf.xml
2018-10-20 20:19:38.978007[INFO]conf_file config file is not exist, path=./config/tss_sdk_conf.xml
[INFO]TssSdkFramework::init_log log level: 3
2018-10-20 20:19:39.026007[INFO]tss_sdk_get_comm_interf_ex succ
2018-10-20 20:27:47.289007[INFO]CHECK_POINT_1 tss_sdk_get_comm_interf init_info 10301:./config
2018-10-20 20:27:47.290007[INFO]tss_sdk_get_comm_interf_ex init_info 10301:./config
2018-10-20 20:27:47.297007[INFO]conf_path_file config file is not exist, path=./config/tss_sdk_conf_path.xml
2018-10-20 20:27:47.298007[INFO]TssSdkFramework::init_config use config file: ./config/tss_sdk_conf.xml
2018-10-20 20:27:47.305007[INFO]conf_file config file is not exist, path=./config/tss_sdk_conf.xml
[INFO]TssSdkFramework::init_log log level: 3
2018-10-20 20:27:47.341007[INFO]tss_sdk_get_comm_interf_ex succ
2018-10-20 20:58:30.050007[INFO]CHECK_POINT_1 tss_sdk_get_comm_interf init_info 10301:./config
2018-10-20 20:58:30.051007[INFO]tss_sdk_get_comm_interf_ex init_info 10301:./config
2018-10-20 20:58:30.061007[INFO]conf_path_file config file is not exist, path=./config/tss_sdk_conf_path.xml
2018-10-20 20:58:30.062007[INFO]TssSdkFramework::init_config use config file: ./config/tss_sdk_conf.xml
2018-10-20 20:58:30.069007[INFO]conf_file config file is not exist, path=./config/tss_sdk_conf.xml
[INFO]TssSdkFramework::init_log log level: 3
2018-10-20 20:58:30.107007[INFO]tss_sdk_get_comm_interf_ex succ
2018-10-20 21:17:34.663007[INFO]CHECK_POINT_1 tss_sdk_get_comm_interf init_info 10301:./config
2018-10-20 21:17:34.664007[INFO]tss_sdk_get_comm_interf_ex init_info 10301:./config
2018-10-20 21:17:34.673007[INFO]conf_path_file config file is not exist, path=./config/tss_sdk_conf_path.xml
2018-10-20 21:17:34.673007[INFO]TssSdkFramework::init_config use config file: ./config/tss_sdk_conf.xml
2018-10-20 21:17:34.682007[INFO]conf_file config file is not exist, path=./config/tss_sdk_conf.xml
[INFO]TssSdkFramework::init_log log level: 3
2018-10-20 21:17:34.729007[INFO]tss_sdk_get_comm_interf_ex succ
2018-10-20 21:23:54.106007[INFO]CHECK_POINT_1 tss_sdk_get_comm_interf init_info 10301:./config
2018-10-20 21:23:54.107007[INFO]tss_sdk_get_comm_interf_ex init_info 10301:./config
2018-10-20 21:23:54.115007[INFO]conf_path_file config file is not exist, path=./config/tss_sdk_conf_path.xml
2018-10-20 21:23:54.116007[INFO]TssSdkFramework::init_config use config file: ./config/tss_sdk_conf.xml
2018-10-20 21:23:54.124007[INFO]conf_file config file is not exist, path=./config/tss_sdk_conf.xml
[INFO]TssSdkFramework::init_log log level: 3
2018-10-20 21:23:54.173007[INFO]tss_sdk_get_comm_interf_ex succ
2018-10-20 21:26:26.892007[INFO]CHECK_POINT_1 tss_sdk_get_comm_interf init_info 10301:./config
2018-10-20 21:26:26.893007[INFO]tss_sdk_get_comm_interf_ex init_info 10301:./config
2018-10-20 21:26:26.902007[INFO]conf_path_file config file is not exist, path=./config/tss_sdk_conf_path.xml
2018-10-20 21:26:26.903007[INFO]TssSdkFramework::init_config use config file: ./config/tss_sdk_conf.xml
2018-10-20 21:26:26.911007[INFO]conf_file config file is not exist, path=./config/tss_sdk_conf.xml
[INFO]TssSdkFramework::init_log log level: 3
2018-10-20 21:26:26.955007[INFO]tss_sdk_get_comm_interf_ex succ
2018-10-20 21:27:15.516007[INFO]CHECK_POINT_1 tss_sdk_get_comm_interf init_info 10301:./config
2018-10-20 21:27:15.516007[INFO]tss_sdk_get_comm_interf_ex init_info 10301:./config
2018-10-20 21:27:15.525007[INFO]conf_path_file config file is not exist, path=./config/tss_sdk_conf_path.xml
2018-10-20 21:27:15.526007[INFO]TssSdkFramework::init_config use config file: ./config/tss_sdk_conf.xml
2018-10-20 21:27:15.534007[INFO]conf_file config file is not exist, path=./config/tss_sdk_conf.xml
[INFO]TssSdkFramework::init_log log level: 3
2018-10-20 21:27:15.575007[INFO]tss_sdk_get_comm_interf_ex succ
2018-10-23 10:19:54.373007[INFO]CHECK_POINT_1 tss_sdk_get_comm_interf init_info 10301:./config
2018-10-23 10:19:54.375007[INFO]tss_sdk_get_comm_interf_ex init_info 10301:./config
2018-10-23 10:19:54.383007[INFO]conf_path_file config file is not exist, path=./config/tss_sdk_conf_path.xml
2018-10-23 10:19:54.383007[INFO]TssSdkFramework::init_config use config file: ./config/tss_sdk_conf.xml
2018-10-23 10:19:54.390007[INFO]conf_file config file is not exist, path=./config/tss_sdk_conf.xml
[INFO]TssSdkFramework::init_log log level: 3
2018-10-23 10:19:54.432007[INFO]tss_sdk_get_comm_interf_ex succ
2018-10-24 11:07:50.603007[INFO]CHECK_POINT_1 tss_sdk_get_comm_interf init_info 10301:./config
2018-10-24 11:07:50.606007[INFO]tss_sdk_get_comm_interf_ex init_info 10301:./config
2018-10-24 11:07:50.614007[INFO]conf_path_file config file is not exist, path=./config/tss_sdk_conf_path.xml
2018-10-24 11:07:50.615007[INFO]TssSdkFramework::init_config use config file: ./config/tss_sdk_conf.xml
2018-10-24 11:07:50.622007[INFO]conf_file config file is not exist, path=./config/tss_sdk_conf.xml
[INFO]TssSdkFramework::init_log log level: 3
2018-10-24 11:07:50.659007[INFO]tss_sdk_get_comm_interf_ex succ
2018-10-24 11:25:04.193007[INFO]CHECK_POINT_1 tss_sdk_get_comm_interf init_info 10301:./config
2018-10-24 11:25:04.193007[INFO]tss_sdk_get_comm_interf_ex init_info 10301:./config
2018-10-24 11:25:04.205007[INFO]conf_path_file config file is not exist, path=./config/tss_sdk_conf_path.xml
2018-10-24 11:25:04.206007[INFO]TssSdkFramework::init_config use config file: ./config/tss_sdk_conf.xml
2018-10-24 11:25:04.215007[INFO]conf_file config file is not exist, path=./config/tss_sdk_conf.xml
[INFO]TssSdkFramework::init_log log level: 3
2018-10-24 11:25:04.254007[INFO]tss_sdk_get_comm_interf_ex succ
2018-10-24 11:25:42.796007[INFO]CHECK_POINT_1 tss_sdk_get_comm_interf init_info 10301:./config
2018-10-24 11:25:42.796007[INFO]tss_sdk_get_comm_interf_ex init_info 10301:./config
2018-10-24 11:25:42.804007[INFO]conf_path_file config file is not exist, path=./config/tss_sdk_conf_path.xml
2018-10-24 11:25:42.805007[INFO]TssSdkFramework::init_config use config file: ./config/tss_sdk_conf.xml
2018-10-24 11:25:42.812007[INFO]conf_file config file is not exist, path=./config/tss_sdk_conf.xml
[INFO]TssSdkFramework::init_log log level: 3
2018-10-24 11:25:42.854007[INFO]tss_sdk_get_comm_interf_ex succ
2018-11-09 10:09:07.442265[INFO]CHECK_POINT_1 tss_sdk_get_comm_interf init_info 10301:./config
2018-11-09 10:09:07.444265[INFO]tss_sdk_get_comm_interf_ex init_info 10301:./config
2018-11-09 10:09:07.450265[INFO]conf_path_file config file is not exist, path=./config/tss_sdk_conf_path.xml
2018-11-09 10:09:07.450265[INFO]TssSdkFramework::init_config use config file: ./config/tss_sdk_conf.xml
2018-11-09 10:09:07.455265[INFO]conf_file config file is not exist, path=./config/tss_sdk_conf.xml
[INFO]TssSdkFramework::init_log log level: 3
2018-11-09 10:09:07.488265[INFO]tss_sdk_get_comm_interf_ex succ
2018-11-16 15:42:17.360097[INFO]CHECK_POINT_1 tss_sdk_get_comm_interf init_info 10301:./config
2018-11-16 15:42:17.361097[INFO]tss_sdk_get_comm_interf_ex init_info 10301:./config
2018-11-16 15:42:17.371097[INFO]conf_path_file config file is not exist, path=./config/tss_sdk_conf_path.xml
2018-11-16 15:42:17.372097[INFO]TssSdkFramework::init_config use config file: ./config/tss_sdk_conf.xml
2018-11-16 15:42:17.380097[INFO]conf_file config file is not exist, path=./config/tss_sdk_conf.xml
[INFO]TssSdkFramework::init_log log level: 3
2018-11-16 15:42:17.426097[INFO]tss_sdk_get_comm_interf_ex succ
2018-11-19 11:50:32.422097[INFO]CHECK_POINT_1 tss_sdk_get_comm_interf init_info 10301:./config
2018-11-19 11:50:32.423097[INFO]tss_sdk_get_comm_interf_ex init_info 10301:./config
2018-11-19 11:50:32.432097[INFO]conf_path_file config file is not exist, path=./config/tss_sdk_conf_path.xml
2018-11-19 11:50:32.433097[INFO]TssSdkFramework::init_config use config file: ./config/tss_sdk_conf.xml
2018-11-19 11:50:32.442097[INFO]conf_file config file is not exist, path=./config/tss_sdk_conf.xml
[INFO]TssSdkFramework::init_log log level: 3
2018-11-19 11:50:32.490097[INFO]tss_sdk_get_comm_interf_ex succ
2018-11-19 14:29:09.257097[INFO]CHECK_POINT_1 tss_sdk_get_comm_interf init_info 10301:./config
2018-11-19 14:29:09.278097[INFO]tss_sdk_get_comm_interf_ex init_info 10301:./config
2018-11-19 14:29:09.290097[INFO]conf_path_file config file is not exist, path=./config/tss_sdk_conf_path.xml
2018-11-19 14:29:09.292097[INFO]TssSdkFramework::init_config use config file: ./config/tss_sdk_conf.xml
2018-11-19 14:29:09.341097[INFO]conf_file config file is not exist, path=./config/tss_sdk_conf.xml
[INFO]TssSdkFramework::init_log log level: 3
2018-11-19 14:29:19.160097[INFO]CHECK_POINT_1 tss_sdk_get_comm_interf init_info 10301:./config
2018-11-19 14:29:19.161097[INFO]tss_sdk_get_comm_interf_ex init_info 10301:./config
2018-11-19 14:29:19.171097[INFO]conf_path_file config file is not exist, path=./config/tss_sdk_conf_path.xml
2018-11-19 14:29:19.172097[INFO]TssSdkFramework::init_config use config file: ./config/tss_sdk_conf.xml
2018-11-19 14:29:19.179097[INFO]conf_file config file is not exist, path=./config/tss_sdk_conf.xml
[INFO]TssSdkFramework::init_log log level: 3
2018-11-19 14:29:19.228097[INFO]tss_sdk_get_comm_interf_ex succ
2018-11-19 14:47:58.662097[INFO]CHECK_POINT_1 tss_sdk_get_comm_interf init_info 10301:./config
2018-11-19 14:47:58.663097[INFO]tss_sdk_get_comm_interf_ex init_info 10301:./config
2018-11-19 14:47:58.685097[INFO]conf_path_file config file is not exist, path=./config/tss_sdk_conf_path.xml
2018-11-19 14:47:58.685097[INFO]TssSdkFramework::init_config use config file: ./config/tss_sdk_conf.xml
2018-11-19 14:47:58.736097[INFO]conf_file config file is not exist, path=./config/tss_sdk_conf.xml
[INFO]TssSdkFramework::init_log log level: 3
2018-11-19 14:47:58.799097[INFO]tss_sdk_get_comm_interf_ex succ
2018-11-19 15:00:11.506097[INFO]CHECK_POINT_1 tss_sdk_get_comm_interf init_info 10301:./config
2018-11-19 15:00:11.507097[INFO]tss_sdk_get_comm_interf_ex init_info 10301:./config
2018-11-19 15:00:11.518097[INFO]conf_path_file config file is not exist, path=./config/tss_sdk_conf_path.xml
2018-11-19 15:00:11.519097[INFO]TssSdkFramework::init_config use config file: ./config/tss_sdk_conf.xml
2018-11-19 15:00:11.536097[INFO]conf_file config file is not exist, path=./config/tss_sdk_conf.xml
[INFO]TssSdkFramework::init_log log level: 3
2018-11-19 15:00:11.617097[INFO]tss_sdk_get_comm_interf_ex succ
2018-11-19 15:16:26.086097[INFO]CHECK_POINT_1 tss_sdk_get_comm_interf init_info 10301:./config
2018-11-19 15:16:26.087097[INFO]tss_sdk_get_comm_interf_ex init_info 10301:./config
2018-11-19 15:16:26.099097[INFO]conf_path_file config file is not exist, path=./config/tss_sdk_conf_path.xml
2018-11-19 15:16:26.100097[INFO]TssSdkFramework::init_config use config file: ./config/tss_sdk_conf.xml
2018-11-19 15:16:26.112097[INFO]conf_file config file is not exist, path=./config/tss_sdk_conf.xml
[INFO]TssSdkFramework::init_log log level: 3
2018-11-19 15:16:26.167097[INFO]tss_sdk_get_comm_interf_ex succ
2018-11-19 15:46:45.202097[INFO]CHECK_POINT_1 tss_sdk_get_comm_interf init_info 10301:./config
2018-11-19 15:46:45.202097[INFO]tss_sdk_get_comm_interf_ex init_info 10301:./config
2018-11-19 15:46:45.229097[INFO]conf_path_file config file is not exist, path=./config/tss_sdk_conf_path.xml
2018-11-19 15:46:45.230097[INFO]TssSdkFramework::init_config use config file: ./config/tss_sdk_conf.xml
2018-11-19 15:46:45.243097[INFO]conf_file config file is not exist, path=./config/tss_sdk_conf.xml
[INFO]TssSdkFramework::init_log log level: 3
2018-11-19 15:46:45.367097[INFO]tss_sdk_get_comm_interf_ex succ
2018-11-20 14:38:02.283091[INFO]CHECK_POINT_1 tss_sdk_get_comm_interf init_info 10301:./config
2018-11-20 14:38:02.283091[INFO]tss_sdk_get_comm_interf_ex init_info 10301:./config
2018-11-20 14:38:02.290091[INFO]conf_path_file config file is not exist, path=./config/tss_sdk_conf_path.xml
2018-11-20 14:38:02.291091[INFO]TssSdkFramework::init_config use config file: ./config/tss_sdk_conf.xml
2018-11-20 14:38:02.300091[INFO]conf_file config file is not exist, path=./config/tss_sdk_conf.xml
[INFO]TssSdkFramework::init_log log level: 3
2018-11-20 14:38:02.338091[INFO]tss_sdk_get_comm_interf_ex succ
2018-11-20 14:39:26.938091[INFO]CHECK_POINT_1 tss_sdk_get_comm_interf init_info 10301:./config
2018-11-20 14:39:26.939091[INFO]tss_sdk_get_comm_interf_ex init_info 10301:./config
2018-11-20 14:39:26.942091[INFO]conf_path_file config file is not exist, path=./config/tss_sdk_conf_path.xml
2018-11-20 14:39:26.943091[INFO]TssSdkFramework::init_config use config file: ./config/tss_sdk_conf.xml
2018-11-20 14:39:26.946091[INFO]conf_file config file is not exist, path=./config/tss_sdk_conf.xml
[INFO]TssSdkFramework::init_log log level: 3
2018-11-20 14:39:26.967091[INFO]tss_sdk_get_comm_interf_ex succ
2018-11-20 14:46:47.913091[INFO]CHECK_POINT_1 tss_sdk_get_comm_interf init_info 10301:./config
2018-11-20 14:46:47.914091[INFO]tss_sdk_get_comm_interf_ex init_info 10301:./config
2018-11-20 14:46:47.919091[INFO]conf_path_file config file is not exist, path=./config/tss_sdk_conf_path.xml
2018-11-20 14:46:47.920091[INFO]TssSdkFramework::init_config use config file: ./config/tss_sdk_conf.xml
2018-11-20 14:46:47.926091[INFO]conf_file config file is not exist, path=./config/tss_sdk_conf.xml
[INFO]TssSdkFramework::init_log log level: 3
2018-11-20 14:46:47.960091[INFO]tss_sdk_get_comm_interf_ex succ
2018-11-20 18:49:43.103091[INFO]CHECK_POINT_1 tss_sdk_get_comm_interf init_info 10301:./config
2018-11-20 18:49:43.105091[INFO]tss_sdk_get_comm_interf_ex init_info 10301:./config
2018-11-20 18:49:43.112091[INFO]conf_path_file config file is not exist, path=./config/tss_sdk_conf_path.xml
2018-11-20 18:49:43.113091[INFO]TssSdkFramework::init_config use config file: ./config/tss_sdk_conf.xml
2018-11-20 18:49:43.119091[INFO]conf_file config file is not exist, path=./config/tss_sdk_conf.xml
[INFO]TssSdkFramework::init_log log level: 3
2018-11-20 18:49:43.251091[INFO]tss_sdk_get_comm_interf_ex succ
2018-11-20 21:51:02.416091[INFO]CHECK_POINT_1 tss_sdk_get_comm_interf init_info 10301:./config
2018-11-20 21:51:02.416091[INFO]tss_sdk_get_comm_interf_ex init_info 10301:./config
2018-11-20 21:51:02.424091[INFO]conf_path_file config file is not exist, path=./config/tss_sdk_conf_path.xml
2018-11-20 21:51:02.424091[INFO]TssSdkFramework::init_config use config file: ./config/tss_sdk_conf.xml
2018-11-20 21:51:02.436091[INFO]conf_file config file is not exist, path=./config/tss_sdk_conf.xml
[INFO]TssSdkFramework::init_log log level: 3
2018-11-20 21:51:02.471091[INFO]tss_sdk_get_comm_interf_ex succ
2018-11-20 22:39:46.045091[INFO]CHECK_POINT_1 tss_sdk_get_comm_interf init_info 10301:./config
2018-11-20 22:39:46.046091[INFO]tss_sdk_get_comm_interf_ex init_info 10301:./config
2018-11-20 22:39:46.056091[INFO]conf_path_file config file is not exist, path=./config/tss_sdk_conf_path.xml
2018-11-20 22:39:46.056091[INFO]TssSdkFramework::init_config use config file: ./config/tss_sdk_conf.xml
2018-11-20 22:39:46.064091[INFO]conf_file config file is not exist, path=./config/tss_sdk_conf.xml
[INFO]TssSdkFramework::init_log log level: 3
2018-11-20 22:39:46.106091[INFO]tss_sdk_get_comm_interf_ex succ
2018-11-26 11:41:48.821090[INFO]CHECK_POINT_1 tss_sdk_get_comm_interf init_info 10301:./config
2018-11-26 11:41:48.825090[INFO]tss_sdk_get_comm_interf_ex init_info 10301:./config
2018-11-26 11:41:48.843090[INFO]conf_path_file config file is not exist, path=./config/tss_sdk_conf_path.xml
2018-11-26 11:41:48.844090[INFO]TssSdkFramework::init_config use config file: ./config/tss_sdk_conf.xml
2018-11-26 11:41:48.859090[INFO]conf_file config file is not exist, path=./config/tss_sdk_conf.xml
[INFO]TssSdkFramework::init_log log level: 3
2018-11-26 11:41:48.907090[INFO]tss_sdk_get_comm_interf_ex succ
2018-11-26 14:47:49.621090[INFO]CHECK_POINT_1 tss_sdk_get_comm_interf init_info 10301:./config
2018-11-26 14:47:49.622090[INFO]tss_sdk_get_comm_interf_ex init_info 10301:./config
2018-11-26 14:47:49.630090[INFO]conf_path_file config file is not exist, path=./config/tss_sdk_conf_path.xml
2018-11-26 14:47:49.630090[INFO]TssSdkFramework::init_config use config file: ./config/tss_sdk_conf.xml
2018-11-26 14:47:49.636090[INFO]conf_file config file is not exist, path=./config/tss_sdk_conf.xml
[INFO]TssSdkFramework::init_log log level: 3
2018-11-26 14:47:49.665090[INFO]tss_sdk_get_comm_interf_ex succ
2018-11-26 15:43:15.582090[INFO]CHECK_POINT_1 tss_sdk_get_comm_interf init_info 10301:./config
2018-11-26 15:43:15.583090[INFO]tss_sdk_get_comm_interf_ex init_info 10301:./config
2018-11-26 15:43:15.592090[INFO]conf_path_file config file is not exist, path=./config/tss_sdk_conf_path.xml
2018-11-26 15:43:15.593090[INFO]TssSdkFramework::init_config use config file: ./config/tss_sdk_conf.xml
2018-11-26 15:43:15.600090[INFO]conf_file config file is not exist, path=./config/tss_sdk_conf.xml
[INFO]TssSdkFramework::init_log log level: 3
2018-11-26 15:43:15.638090[INFO]tss_sdk_get_comm_interf_ex succ
2018-11-26 16:54:15.102090[INFO]CHECK_POINT_1 tss_sdk_get_comm_interf init_info 10301:./config
2018-11-26 16:54:15.103090[INFO]tss_sdk_get_comm_interf_ex init_info 10301:./config
2018-11-26 16:54:15.112090[INFO]conf_path_file config file is not exist, path=./config/tss_sdk_conf_path.xml
2018-11-26 16:54:15.113090[INFO]TssSdkFramework::init_config use config file: ./config/tss_sdk_conf.xml
2018-11-26 16:54:15.121090[INFO]conf_file config file is not exist, path=./config/tss_sdk_conf.xml
[INFO]TssSdkFramework::init_log log level: 3
2018-11-26 16:54:15.160090[INFO]tss_sdk_get_comm_interf_ex succ
2018-12-25 15:27:26.992495[INFO]CHECK_POINT_1 tss_sdk_get_comm_interf init_info 10301:./config
2018-12-25 15:27:26.993495[INFO]tss_sdk_get_comm_interf_ex init_info 10301:./config
2018-12-25 15:27:26.998495[INFO]conf_path_file config file is not exist, path=./config/tss_sdk_conf_path.xml
2018-12-25 15:27:26.998495[INFO]TssSdkFramework::init_config use config file: ./config/tss_sdk_conf.xml
2018-12-25 15:27:27.003495[INFO]conf_file config file is not exist, path=./config/tss_sdk_conf.xml
[INFO]TssSdkFramework::init_log log level: 3
2018-12-25 15:27:27.032495[INFO]tss_sdk_get_comm_interf_ex succ
